Analysis & Synthesis report for TopLevel
Thu Dec 05 19:36:56 2019
Quartus Prime Version 18.1.0 Build 625 09/12/2018 SJ Lite Edition


---------------------
; Table of Contents ;
---------------------
  1. Legal Notice
  2. Analysis & Synthesis Summary
  3. Analysis & Synthesis Settings
  4. Parallel Compilation
  5. Analysis & Synthesis Source Files Read
  6. Analysis & Synthesis Resource Usage Summary
  7. Analysis & Synthesis Resource Utilization by Entity
  8. Analysis & Synthesis RAM Summary
  9. Analysis & Synthesis DSP Block Usage Summary
 10. General Register Statistics
 11. Registers Added for RAM Pass-Through Logic
 12. Multiplexer Restructuring Statistics (Restructuring Performed)
 13. Source assignments for reg_file:reg_file1|altsyncram:registers_rtl_0|altsyncram_dfo1:auto_generated
 14. Parameter Settings for User Entity Instance: InstROM:instr_ROM1
 15. Parameter Settings for User Entity Instance: reg_file:reg_file1
 16. Parameter Settings for Inferred Entity Instance: reg_file:reg_file1|altsyncram:registers_rtl_0
 17. Parameter Settings for Inferred Entity Instance: ALU:ALU1|lpm_divide:Div0
 18. Parameter Settings for Inferred Entity Instance: ALU:ALU1|lpm_divide:Mod0
 19. altsyncram Parameter Settings by Entity Instance
 20. Port Connectivity Checks: "data_mem:data_mem1"
 21. Port Connectivity Checks: "reg_file:reg_file1"
 22. Post-Synthesis Netlist Statistics for Top Partition
 23. Elapsed Time Per Partition
 24. Analysis & Synthesis Messages
 25. Analysis & Synthesis Suppressed Messages



----------------
; Legal Notice ;
----------------
Copyright (C) 2018  Intel Corporation. All rights reserved.
Your use of Intel Corporation's design tools, logic functions 
and other software and tools, and its AMPP partner logic 
functions, and any output files from any of the foregoing 
(including device programming or simulation files), and any 
associated documentation or information are expressly subject 
to the terms and conditions of the Intel Program License 
Subscription Agreement, the Intel Quartus Prime License Agreement,
the Intel FPGA IP License Agreement, or other applicable license
agreement, including, without limitation, that your use is for
the sole purpose of programming logic devices manufactured by
Intel and sold by Intel or its authorized distributors.  Please
refer to the applicable agreement for further details.



+-------------------------------------------------------------------------------+
; Analysis & Synthesis Summary                                                  ;
+---------------------------------+---------------------------------------------+
; Analysis & Synthesis Status     ; Successful - Thu Dec 05 19:36:56 2019       ;
; Quartus Prime Version           ; 18.1.0 Build 625 09/12/2018 SJ Lite Edition ;
; Revision Name                   ; TopLevel                                    ;
; Top-level Entity Name           ; TopLevel                                    ;
; Family                          ; Cyclone V                                   ;
; Logic utilization (in ALMs)     ; N/A                                         ;
; Total registers                 ; 2206                                        ;
; Total pins                      ; 3                                           ;
; Total virtual pins              ; 0                                           ;
; Total block memory bits         ; 128                                         ;
; Total DSP Blocks                ; 1                                           ;
; Total HSSI RX PCSs              ; 0                                           ;
; Total HSSI PMA RX Deserializers ; 0                                           ;
; Total HSSI TX PCSs              ; 0                                           ;
; Total HSSI PMA TX Serializers   ; 0                                           ;
; Total PLLs                      ; 0                                           ;
; Total DLLs                      ; 0                                           ;
+---------------------------------+---------------------------------------------+


+---------------------------------------------------------------------------------------------------------------------------+
; Analysis & Synthesis Settings                                                                                             ;
+---------------------------------------------------------------------------------+--------------------+--------------------+
; Option                                                                          ; Setting            ; Default Value      ;
+---------------------------------------------------------------------------------+--------------------+--------------------+
; Device                                                                          ; 5CGXFC7C7F23C8     ;                    ;
; Top-level entity name                                                           ; TopLevel           ; TopLevel           ;
; Family name                                                                     ; Cyclone V          ; Cyclone V          ;
; Use smart compilation                                                           ; Off                ; Off                ;
; Enable parallel Assembler and Timing Analyzer during compilation                ; On                 ; On                 ;
; Enable compact report table                                                     ; Off                ; Off                ;
; Restructure Multiplexers                                                        ; Auto               ; Auto               ;
; MLAB Add Timing Constraints For Mixed-Port Feed-Through Mode Setting Don't Care ; Off                ; Off                ;
; Create Debugging Nodes for IP Cores                                             ; Off                ; Off                ;
; Preserve fewer node names                                                       ; On                 ; On                 ;
; Intel FPGA IP Evaluation Mode                                                   ; Enable             ; Enable             ;
; Verilog Version                                                                 ; Verilog_2001       ; Verilog_2001       ;
; VHDL Version                                                                    ; VHDL_1993          ; VHDL_1993          ;
; State Machine Processing                                                        ; Auto               ; Auto               ;
; Safe State Machine                                                              ; Off                ; Off                ;
; Extract Verilog State Machines                                                  ; On                 ; On                 ;
; Extract VHDL State Machines                                                     ; On                 ; On                 ;
; Ignore Verilog initial constructs                                               ; Off                ; Off                ;
; Iteration limit for constant Verilog loops                                      ; 5000               ; 5000               ;
; Iteration limit for non-constant Verilog loops                                  ; 250                ; 250                ;
; Add Pass-Through Logic to Inferred RAMs                                         ; On                 ; On                 ;
; Infer RAMs from Raw Logic                                                       ; On                 ; On                 ;
; Parallel Synthesis                                                              ; On                 ; On                 ;
; DSP Block Balancing                                                             ; Auto               ; Auto               ;
; NOT Gate Push-Back                                                              ; On                 ; On                 ;
; Power-Up Don't Care                                                             ; On                 ; On                 ;
; Remove Redundant Logic Cells                                                    ; Off                ; Off                ;
; Remove Duplicate Registers                                                      ; On                 ; On                 ;
; Ignore CARRY Buffers                                                            ; Off                ; Off                ;
; Ignore CASCADE Buffers                                                          ; Off                ; Off                ;
; Ignore GLOBAL Buffers                                                           ; Off                ; Off                ;
; Ignore ROW GLOBAL Buffers                                                       ; Off                ; Off                ;
; Ignore LCELL Buffers                                                            ; Off                ; Off                ;
; Ignore SOFT Buffers                                                             ; On                 ; On                 ;
; Limit AHDL Integers to 32 Bits                                                  ; Off                ; Off                ;
; Optimization Technique                                                          ; Balanced           ; Balanced           ;
; Carry Chain Length                                                              ; 70                 ; 70                 ;
; Auto Carry Chains                                                               ; On                 ; On                 ;
; Auto Open-Drain Pins                                                            ; On                 ; On                 ;
; Perform WYSIWYG Primitive Resynthesis                                           ; Off                ; Off                ;
; Auto ROM Replacement                                                            ; On                 ; On                 ;
; Auto RAM Replacement                                                            ; On                 ; On                 ;
; Auto DSP Block Replacement                                                      ; On                 ; On                 ;
; Auto Shift Register Replacement                                                 ; Auto               ; Auto               ;
; Allow Shift Register Merging across Hierarchies                                 ; Auto               ; Auto               ;
; Auto Clock Enable Replacement                                                   ; On                 ; On                 ;
; Strict RAM Replacement                                                          ; Off                ; Off                ;
; Allow Synchronous Control Signals                                               ; On                 ; On                 ;
; Force Use of Synchronous Clear Signals                                          ; Off                ; Off                ;
; Auto Resource Sharing                                                           ; Off                ; Off                ;
; Allow Any RAM Size For Recognition                                              ; Off                ; Off                ;
; Allow Any ROM Size For Recognition                                              ; Off                ; Off                ;
; Allow Any Shift Register Size For Recognition                                   ; Off                ; Off                ;
; Use LogicLock Constraints during Resource Balancing                             ; On                 ; On                 ;
; Ignore translate_off and synthesis_off directives                               ; Off                ; Off                ;
; Timing-Driven Synthesis                                                         ; On                 ; On                 ;
; Report Parameter Settings                                                       ; On                 ; On                 ;
; Report Source Assignments                                                       ; On                 ; On                 ;
; Report Connectivity Checks                                                      ; On                 ; On                 ;
; Ignore Maximum Fan-Out Assignments                                              ; Off                ; Off                ;
; Synchronization Register Chain Length                                           ; 3                  ; 3                  ;
; Power Optimization During Synthesis                                             ; Normal compilation ; Normal compilation ;
; HDL message level                                                               ; Level2             ; Level2             ;
; Suppress Register Optimization Related Messages                                 ; Off                ; Off                ;
; Number of Removed Registers Reported in Synthesis Report                        ; 5000               ; 5000               ;
; Number of Swept Nodes Reported in Synthesis Report                              ; 5000               ; 5000               ;
; Number of Inverted Registers Reported in Synthesis Report                       ; 100                ; 100                ;
; Clock MUX Protection                                                            ; On                 ; On                 ;
; Auto Gated Clock Conversion                                                     ; Off                ; Off                ;
; Block Design Naming                                                             ; Auto               ; Auto               ;
; SDC constraint protection                                                       ; Off                ; Off                ;
; Synthesis Effort                                                                ; Auto               ; Auto               ;
; Shift Register Replacement - Allow Asynchronous Clear Signal                    ; On                 ; On                 ;
; Pre-Mapping Resynthesis Optimization                                            ; Off                ; Off                ;
; Analysis & Synthesis Message Level                                              ; Medium             ; Medium             ;
; Disable Register Merging Across Hierarchies                                     ; Auto               ; Auto               ;
; Resource Aware Inference For Block RAM                                          ; On                 ; On                 ;
; Automatic Parallel Synthesis                                                    ; On                 ; On                 ;
; Partial Reconfiguration Bitstream ID                                            ; Off                ; Off                ;
+---------------------------------------------------------------------------------+--------------------+--------------------+


+------------------------------------------+
; Parallel Compilation                     ;
+----------------------------+-------------+
; Processors                 ; Number      ;
+----------------------------+-------------+
; Number detected on machine ; 8           ;
; Maximum allowed            ; 4           ;
;                            ;             ;
; Average used               ; 1.00        ;
; Maximum used               ; 4           ;
;                            ;             ;
; Usage by Processor         ; % Time Used ;
;     Processor 1            ; 100.0%      ;
;     Processor 2            ;   0.0%      ;
;     Processor 3            ;   0.0%      ;
;     Processor 4            ;   0.0%      ;
+----------------------------+-------------+


+----------------------------------------------------------------------------------------------------------------------------------------------------------------------------+
; Analysis & Synthesis Source Files Read                                                                                                                                     ;
+----------------------------------+-----------------+------------------------------+------------------------------------------------------------------------------+---------+
; File Name with User-Entered Path ; Used in Netlist ; File Type                    ; File Name with Absolute Path                                                 ; Library ;
+----------------------------------+-----------------+------------------------------+------------------------------------------------------------------------------+---------+
; TopLevel.sv                      ; yes             ; User SystemVerilog HDL File  ; C:/Users/orrne/Desktop/proc_1/TopLevel.sv                                    ;         ;
; ALU.sv                           ; yes             ; User SystemVerilog HDL File  ; C:/Users/orrne/Desktop/proc_1/ALU.sv                                         ;         ;
; Ctrl.sv                          ; yes             ; User SystemVerilog HDL File  ; C:/Users/orrne/Desktop/proc_1/Ctrl.sv                                        ;         ;
; data_mem.sv                      ; yes             ; User SystemVerilog HDL File  ; C:/Users/orrne/Desktop/proc_1/data_mem.sv                                    ;         ;
; InstROM.sv                       ; yes             ; User SystemVerilog HDL File  ; C:/Users/orrne/Desktop/proc_1/InstROM.sv                                     ;         ;
; definitions.sv                   ; yes             ; User SystemVerilog HDL File  ; C:/Users/orrne/Desktop/proc_1/definitions.sv                                 ;         ;
; LUT.sv                           ; yes             ; User SystemVerilog HDL File  ; C:/Users/orrne/Desktop/proc_1/LUT.sv                                         ;         ;
; PC.sv                            ; yes             ; User SystemVerilog HDL File  ; C:/Users/orrne/Desktop/proc_1/PC.sv                                          ;         ;
; reg_file.sv                      ; yes             ; User SystemVerilog HDL File  ; C:/Users/orrne/Desktop/proc_1/reg_file.sv                                    ;         ;
; programs/program1_2.c            ; yes             ; Auto-Found File              ; C:/Users/orrne/Desktop/proc_1/programs/program1_2.c                          ;         ;
; altsyncram.tdf                   ; yes             ; Megafunction                 ; c:/intelfpga_lite/18.1/quartus/libraries/megafunctions/altsyncram.tdf        ;         ;
; stratix_ram_block.inc            ; yes             ; Megafunction                 ; c:/intelfpga_lite/18.1/quartus/libraries/megafunctions/stratix_ram_block.inc ;         ;
; lpm_mux.inc                      ; yes             ; Megafunction                 ; c:/intelfpga_lite/18.1/quartus/libraries/megafunctions/lpm_mux.inc           ;         ;
; lpm_decode.inc                   ; yes             ; Megafunction                 ; c:/intelfpga_lite/18.1/quartus/libraries/megafunctions/lpm_decode.inc        ;         ;
; aglobal181.inc                   ; yes             ; Megafunction                 ; c:/intelfpga_lite/18.1/quartus/libraries/megafunctions/aglobal181.inc        ;         ;
; a_rdenreg.inc                    ; yes             ; Megafunction                 ; c:/intelfpga_lite/18.1/quartus/libraries/megafunctions/a_rdenreg.inc         ;         ;
; altrom.inc                       ; yes             ; Megafunction                 ; c:/intelfpga_lite/18.1/quartus/libraries/megafunctions/altrom.inc            ;         ;
; altram.inc                       ; yes             ; Megafunction                 ; c:/intelfpga_lite/18.1/quartus/libraries/megafunctions/altram.inc            ;         ;
; altdpram.inc                     ; yes             ; Megafunction                 ; c:/intelfpga_lite/18.1/quartus/libraries/megafunctions/altdpram.inc          ;         ;
; db/altsyncram_dfo1.tdf           ; yes             ; Auto-Generated Megafunction  ; C:/Users/orrne/Desktop/proc_1/db/altsyncram_dfo1.tdf                         ;         ;
; lpm_divide.tdf                   ; yes             ; Megafunction                 ; c:/intelfpga_lite/18.1/quartus/libraries/megafunctions/lpm_divide.tdf        ;         ;
; abs_divider.inc                  ; yes             ; Megafunction                 ; c:/intelfpga_lite/18.1/quartus/libraries/megafunctions/abs_divider.inc       ;         ;
; sign_div_unsign.inc              ; yes             ; Megafunction                 ; c:/intelfpga_lite/18.1/quartus/libraries/megafunctions/sign_div_unsign.inc   ;         ;
; db/lpm_divide_9am.tdf            ; yes             ; Auto-Generated Megafunction  ; C:/Users/orrne/Desktop/proc_1/db/lpm_divide_9am.tdf                          ;         ;
; db/sign_div_unsign_fkh.tdf       ; yes             ; Auto-Generated Megafunction  ; C:/Users/orrne/Desktop/proc_1/db/sign_div_unsign_fkh.tdf                     ;         ;
; db/alt_u_div_4te.tdf             ; yes             ; Auto-Generated Megafunction  ; C:/Users/orrne/Desktop/proc_1/db/alt_u_div_4te.tdf                           ;         ;
; db/lpm_divide_c2m.tdf            ; yes             ; Auto-Generated Megafunction  ; C:/Users/orrne/Desktop/proc_1/db/lpm_divide_c2m.tdf                          ;         ;
+----------------------------------+-----------------+------------------------------+------------------------------------------------------------------------------+---------+


+---------------------------------------------------------+
; Analysis & Synthesis Resource Usage Summary             ;
+---------------------------------------------+-----------+
; Resource                                    ; Usage     ;
+---------------------------------------------+-----------+
; Estimate of Logic utilization (ALMs needed) ; 1732      ;
;                                             ;           ;
; Combinational ALUT usage for logic          ; 1597      ;
;     -- 7 input functions                    ; 10        ;
;     -- 6 input functions                    ; 937       ;
;     -- 5 input functions                    ; 176       ;
;     -- 4 input functions                    ; 356       ;
;     -- <=3 input functions                  ; 118       ;
;                                             ;           ;
; Dedicated logic registers                   ; 2206      ;
;                                             ;           ;
; I/O pins                                    ; 3         ;
; Total MLAB memory bits                      ; 0         ;
; Total block memory bits                     ; 128       ;
;                                             ;           ;
; Total DSP Blocks                            ; 1         ;
;                                             ;           ;
; Maximum fan-out node                        ; CLK~input ;
; Maximum fan-out                             ; 2214      ;
; Total fan-out                               ; 15037     ;
; Average fan-out                             ; 3.94      ;
+---------------------------------------------+-----------+


+--------------------------------------------------------------------------------------------------------------------------------------------------------------------------------------------------------------------------------------------------------------------------------------------------------------+
; Analysis & Synthesis Resource Utilization by Entity                                                                                                                                                                                                                                                          ;
+-------------------------------------------+---------------------+---------------------------+-------------------+------------+------+--------------+--------------------------------------------------------------------------------------------------------------------+---------------------+--------------+
; Compilation Hierarchy Node                ; Combinational ALUTs ; Dedicated Logic Registers ; Block Memory Bits ; DSP Blocks ; Pins ; Virtual Pins ; Full Hierarchy Name                                                                                                ; Entity Name         ; Library Name ;
+-------------------------------------------+---------------------+---------------------------+-------------------+------------+------+--------------+--------------------------------------------------------------------------------------------------------------------+---------------------+--------------+
; |TopLevel                                 ; 1597 (66)           ; 2206 (0)                  ; 128               ; 1          ; 3    ; 0            ; |TopLevel                                                                                                          ; TopLevel            ; work         ;
;    |ALU:ALU1|                             ; 273 (114)           ; 0 (0)                     ; 0                 ; 1          ; 0    ; 0            ; |TopLevel|ALU:ALU1                                                                                                 ; ALU                 ; work         ;
;       |lpm_divide:Div0|                   ; 82 (0)              ; 0 (0)                     ; 0                 ; 0          ; 0    ; 0            ; |TopLevel|ALU:ALU1|lpm_divide:Div0                                                                                 ; lpm_divide          ; work         ;
;          |lpm_divide_9am:auto_generated|  ; 82 (0)              ; 0 (0)                     ; 0                 ; 0          ; 0    ; 0            ; |TopLevel|ALU:ALU1|lpm_divide:Div0|lpm_divide_9am:auto_generated                                                   ; lpm_divide_9am      ; work         ;
;             |sign_div_unsign_fkh:divider| ; 82 (0)              ; 0 (0)                     ; 0                 ; 0          ; 0    ; 0            ; |TopLevel|ALU:ALU1|lpm_divide:Div0|lpm_divide_9am:auto_generated|sign_div_unsign_fkh:divider                       ; sign_div_unsign_fkh ; work         ;
;                |alt_u_div_4te:divider|    ; 82 (82)             ; 0 (0)                     ; 0                 ; 0          ; 0    ; 0            ; |TopLevel|ALU:ALU1|lpm_divide:Div0|lpm_divide_9am:auto_generated|sign_div_unsign_fkh:divider|alt_u_div_4te:divider ; alt_u_div_4te       ; work         ;
;       |lpm_divide:Mod0|                   ; 77 (0)              ; 0 (0)                     ; 0                 ; 0          ; 0    ; 0            ; |TopLevel|ALU:ALU1|lpm_divide:Mod0                                                                                 ; lpm_divide          ; work         ;
;          |lpm_divide_c2m:auto_generated|  ; 77 (0)              ; 0 (0)                     ; 0                 ; 0          ; 0    ; 0            ; |TopLevel|ALU:ALU1|lpm_divide:Mod0|lpm_divide_c2m:auto_generated                                                   ; lpm_divide_c2m      ; work         ;
;             |sign_div_unsign_fkh:divider| ; 77 (0)              ; 0 (0)                     ; 0                 ; 0          ; 0    ; 0            ; |TopLevel|ALU:ALU1|lpm_divide:Mod0|lpm_divide_c2m:auto_generated|sign_div_unsign_fkh:divider                       ; sign_div_unsign_fkh ; work         ;
;                |alt_u_div_4te:divider|    ; 77 (77)             ; 0 (0)                     ; 0                 ; 0          ; 0    ; 0            ; |TopLevel|ALU:ALU1|lpm_divide:Mod0|lpm_divide_c2m:auto_generated|sign_div_unsign_fkh:divider|alt_u_div_4te:divider ; alt_u_div_4te       ; work         ;
;    |Ctrl:Ctrl1|                           ; 1 (1)               ; 0 (0)                     ; 0                 ; 0          ; 0    ; 0            ; |TopLevel|Ctrl:Ctrl1                                                                                               ; Ctrl                ; work         ;
;    |InstROM:instr_ROM1|                   ; 132 (132)           ; 0 (0)                     ; 0                 ; 0          ; 0    ; 0            ; |TopLevel|InstROM:instr_ROM1                                                                                       ; InstROM             ; work         ;
;    |LUT:LUT1|                             ; 7 (7)               ; 0 (0)                     ; 0                 ; 0          ; 0    ; 0            ; |TopLevel|LUT:LUT1                                                                                                 ; LUT                 ; work         ;
;    |PC:PC1|                               ; 38 (38)             ; 13 (13)                   ; 0                 ; 0          ; 0    ; 0            ; |TopLevel|PC:PC1                                                                                                   ; PC                  ; work         ;
;    |data_mem:data_mem1|                   ; 968 (968)           ; 2048 (2048)               ; 0                 ; 0          ; 0    ; 0            ; |TopLevel|data_mem:data_mem1                                                                                       ; data_mem            ; work         ;
;    |reg_file:reg_file1|                   ; 112 (112)           ; 145 (145)                 ; 128               ; 0          ; 0    ; 0            ; |TopLevel|reg_file:reg_file1                                                                                       ; reg_file            ; work         ;
;       |altsyncram:registers_rtl_0|        ; 0 (0)               ; 0 (0)                     ; 128               ; 0          ; 0    ; 0            ; |TopLevel|reg_file:reg_file1|altsyncram:registers_rtl_0                                                            ; altsyncram          ; work         ;
;          |altsyncram_dfo1:auto_generated| ; 0 (0)               ; 0 (0)                     ; 128               ; 0          ; 0    ; 0            ; |TopLevel|reg_file:reg_file1|altsyncram:registers_rtl_0|altsyncram_dfo1:auto_generated                             ; altsyncram_dfo1     ; work         ;
+-------------------------------------------+---------------------+---------------------------+-------------------+------------+------+--------------+--------------------------------------------------------------------------------------------------------------------+---------------------+--------------+
Note: For table entries with two numbers listed, the numbers in parentheses indicate the number of resources of the given type used by the specific entity alone. The numbers listed outside of parentheses indicate the total resources of the given type used by the specific entity and all of its sub-entities in the hierarchy.


+---------------------------------------------------------------------------------------------------------------------------------------------------------------------------------------------+
; Analysis & Synthesis RAM Summary                                                                                                                                                            ;
+-----------------------------------------------------------------------------------------+------+------------------+--------------+--------------+--------------+--------------+------+------+
; Name                                                                                    ; Type ; Mode             ; Port A Depth ; Port A Width ; Port B Depth ; Port B Width ; Size ; MIF  ;
+-----------------------------------------------------------------------------------------+------+------------------+--------------+--------------+--------------+--------------+------+------+
; reg_file:reg_file1|altsyncram:registers_rtl_0|altsyncram_dfo1:auto_generated|ALTSYNCRAM ; AUTO ; Simple Dual Port ; 16           ; 8            ; 16           ; 8            ; 128  ; None ;
+-----------------------------------------------------------------------------------------+------+------------------+--------------+--------------+--------------+--------------+------+------+


+-----------------------------------------------+
; Analysis & Synthesis DSP Block Usage Summary  ;
+---------------------------------+-------------+
; Statistic                       ; Number Used ;
+---------------------------------+-------------+
; Independent 9x9                 ; 1           ;
; Total number of DSP blocks      ; 1           ;
;                                 ;             ;
; Fixed Point Unsigned Multiplier ; 1           ;
+---------------------------------+-------------+


+------------------------------------------------------+
; General Register Statistics                          ;
+----------------------------------------------+-------+
; Statistic                                    ; Value ;
+----------------------------------------------+-------+
; Total registers                              ; 2206  ;
; Number of registers using Synchronous Clear  ; 10    ;
; Number of registers using Synchronous Load   ; 0     ;
; Number of registers using Asynchronous Clear ; 0     ;
; Number of registers using Asynchronous Load  ; 0     ;
; Number of registers using Clock Enable       ; 2188  ;
; Number of registers using Preset             ; 0     ;
+----------------------------------------------+-------+


+------------------------------------------------------------------------------------+
; Registers Added for RAM Pass-Through Logic                                         ;
+-----------------------------------------------+------------------------------------+
; Register Name                                 ; RAM Name                           ;
+-----------------------------------------------+------------------------------------+
; reg_file:reg_file1|registers_rtl_0_bypass[0]  ; reg_file:reg_file1|registers_rtl_0 ;
; reg_file:reg_file1|registers_rtl_0_bypass[1]  ; reg_file:reg_file1|registers_rtl_0 ;
; reg_file:reg_file1|registers_rtl_0_bypass[2]  ; reg_file:reg_file1|registers_rtl_0 ;
; reg_file:reg_file1|registers_rtl_0_bypass[3]  ; reg_file:reg_file1|registers_rtl_0 ;
; reg_file:reg_file1|registers_rtl_0_bypass[4]  ; reg_file:reg_file1|registers_rtl_0 ;
; reg_file:reg_file1|registers_rtl_0_bypass[5]  ; reg_file:reg_file1|registers_rtl_0 ;
; reg_file:reg_file1|registers_rtl_0_bypass[6]  ; reg_file:reg_file1|registers_rtl_0 ;
; reg_file:reg_file1|registers_rtl_0_bypass[7]  ; reg_file:reg_file1|registers_rtl_0 ;
; reg_file:reg_file1|registers_rtl_0_bypass[8]  ; reg_file:reg_file1|registers_rtl_0 ;
; reg_file:reg_file1|registers_rtl_0_bypass[9]  ; reg_file:reg_file1|registers_rtl_0 ;
; reg_file:reg_file1|registers_rtl_0_bypass[10] ; reg_file:reg_file1|registers_rtl_0 ;
; reg_file:reg_file1|registers_rtl_0_bypass[11] ; reg_file:reg_file1|registers_rtl_0 ;
; reg_file:reg_file1|registers_rtl_0_bypass[12] ; reg_file:reg_file1|registers_rtl_0 ;
; reg_file:reg_file1|registers_rtl_0_bypass[13] ; reg_file:reg_file1|registers_rtl_0 ;
; reg_file:reg_file1|registers_rtl_0_bypass[14] ; reg_file:reg_file1|registers_rtl_0 ;
; reg_file:reg_file1|registers_rtl_0_bypass[15] ; reg_file:reg_file1|registers_rtl_0 ;
; reg_file:reg_file1|registers_rtl_0_bypass[16] ; reg_file:reg_file1|registers_rtl_0 ;
+-----------------------------------------------+------------------------------------+


+--------------------------------------------------------------------------------------------------------------------------------------------------+
; Multiplexer Restructuring Statistics (Restructuring Performed)                                                                                   ;
+--------------------+-----------+---------------+----------------------+------------------------+------------+------------------------------------+
; Multiplexer Inputs ; Bus Width ; Baseline Area ; Area if Restructured ; Saving if Restructured ; Registered ; Example Multiplexer Output         ;
+--------------------+-----------+---------------+----------------------+------------------------+------------+------------------------------------+
; 5:1                ; 10 bits   ; 30 LEs        ; 10 LEs               ; 20 LEs                 ; Yes        ; |TopLevel|PC:PC1|PC[6]             ;
; 4:1                ; 2 bits    ; 4 LEs         ; 4 LEs                ; 0 LEs                  ; No         ; |TopLevel|ALU:ALU1|ShiftLeft0      ;
; 4:1                ; 2 bits    ; 4 LEs         ; 4 LEs                ; 0 LEs                  ; No         ; |TopLevel|ALU:ALU1|Mux0            ;
; 4:1                ; 2 bits    ; 4 LEs         ; 4 LEs                ; 0 LEs                  ; No         ; |TopLevel|ALU:ALU1|Mux0            ;
; 8:1                ; 8 bits    ; 40 LEs        ; 40 LEs               ; 0 LEs                  ; No         ; |TopLevel|reg_file:reg_file1|Mux18 ;
; 4:1                ; 3 bits    ; 6 LEs         ; 6 LEs                ; 0 LEs                  ; No         ; |TopLevel|waddr[0]                 ;
; 16:1               ; 8 bits    ; 80 LEs        ; 80 LEs               ; 0 LEs                  ; No         ; |TopLevel|reg_file:reg_file1|Mux6  ;
+--------------------+-----------+---------------+----------------------+------------------------+------------+------------------------------------+


+-----------------------------------------------------------------------------------------------------+
; Source assignments for reg_file:reg_file1|altsyncram:registers_rtl_0|altsyncram_dfo1:auto_generated ;
+---------------------------------+--------------------+------+---------------------------------------+
; Assignment                      ; Value              ; From ; To                                    ;
+---------------------------------+--------------------+------+---------------------------------------+
; OPTIMIZE_POWER_DURING_SYNTHESIS ; NORMAL_COMPILATION ; -    ; -                                     ;
+---------------------------------+--------------------+------+---------------------------------------+


+-----------------------------------------------------------------+
; Parameter Settings for User Entity Instance: InstROM:instr_ROM1 ;
+----------------+-------+----------------------------------------+
; Parameter Name ; Value ; Type                                   ;
+----------------+-------+----------------------------------------+
; A              ; 12    ; Signed Integer                         ;
; W              ; 9     ; Signed Integer                         ;
+----------------+-------+----------------------------------------+
Note: In order to hide this table in the UI and the text report file, please set the "Show Parameter Settings in Synthesis Report" option in "Analysis and Synthesis Settings -> More Settings" to "Off".


+-----------------------------------------------------------------+
; Parameter Settings for User Entity Instance: reg_file:reg_file1 ;
+----------------+-------+----------------------------------------+
; Parameter Name ; Value ; Type                                   ;
+----------------+-------+----------------------------------------+
; W              ; 8     ; Signed Integer                         ;
; D              ; 4     ; Signed Integer                         ;
+----------------+-------+----------------------------------------+
Note: In order to hide this table in the UI and the text report file, please set the "Show Parameter Settings in Synthesis Report" option in "Analysis and Synthesis Settings -> More Settings" to "Off".


+------------------------------------------------------------------------------------------------+
; Parameter Settings for Inferred Entity Instance: reg_file:reg_file1|altsyncram:registers_rtl_0 ;
+------------------------------------+----------------------+------------------------------------+
; Parameter Name                     ; Value                ; Type                               ;
+------------------------------------+----------------------+------------------------------------+
; BYTE_SIZE_BLOCK                    ; 8                    ; Untyped                            ;
; AUTO_CARRY_CHAINS                  ; ON                   ; AUTO_CARRY                         ;
; IGNORE_CARRY_BUFFERS               ; OFF                  ; IGNORE_CARRY                       ;
; AUTO_CASCADE_CHAINS                ; ON                   ; AUTO_CASCADE                       ;
; IGNORE_CASCADE_BUFFERS             ; OFF                  ; IGNORE_CASCADE                     ;
; WIDTH_BYTEENA                      ; 1                    ; Untyped                            ;
; OPERATION_MODE                     ; DUAL_PORT            ; Untyped                            ;
; WIDTH_A                            ; 8                    ; Untyped                            ;
; WIDTHAD_A                          ; 4                    ; Untyped                            ;
; NUMWORDS_A                         ; 16                   ; Untyped                            ;
; OUTDATA_REG_A                      ; UNREGISTERED         ; Untyped                            ;
; ADDRESS_ACLR_A                     ; NONE                 ; Untyped                            ;
; OUTDATA_ACLR_A                     ; NONE                 ; Untyped                            ;
; WRCONTROL_ACLR_A                   ; NONE                 ; Untyped                            ;
; INDATA_ACLR_A                      ; NONE                 ; Untyped                            ;
; BYTEENA_ACLR_A                     ; NONE                 ; Untyped                            ;
; WIDTH_B                            ; 8                    ; Untyped                            ;
; WIDTHAD_B                          ; 4                    ; Untyped                            ;
; NUMWORDS_B                         ; 16                   ; Untyped                            ;
; INDATA_REG_B                       ; CLOCK1               ; Untyped                            ;
; WRCONTROL_WRADDRESS_REG_B          ; CLOCK1               ; Untyped                            ;
; RDCONTROL_REG_B                    ; CLOCK1               ; Untyped                            ;
; ADDRESS_REG_B                      ; CLOCK0               ; Untyped                            ;
; OUTDATA_REG_B                      ; UNREGISTERED         ; Untyped                            ;
; BYTEENA_REG_B                      ; CLOCK1               ; Untyped                            ;
; INDATA_ACLR_B                      ; NONE                 ; Untyped                            ;
; WRCONTROL_ACLR_B                   ; NONE                 ; Untyped                            ;
; ADDRESS_ACLR_B                     ; NONE                 ; Untyped                            ;
; OUTDATA_ACLR_B                     ; NONE                 ; Untyped                            ;
; RDCONTROL_ACLR_B                   ; NONE                 ; Untyped                            ;
; BYTEENA_ACLR_B                     ; NONE                 ; Untyped                            ;
; WIDTH_BYTEENA_A                    ; 1                    ; Untyped                            ;
; WIDTH_BYTEENA_B                    ; 1                    ; Untyped                            ;
; RAM_BLOCK_TYPE                     ; AUTO                 ; Untyped                            ;
; BYTE_SIZE                          ; 8                    ; Untyped                            ;
; READ_DURING_WRITE_MODE_MIXED_PORTS ; OLD_DATA             ; Untyped                            ;
; READ_DURING_WRITE_MODE_PORT_A      ; NEW_DATA_NO_NBE_READ ; Untyped                            ;
; READ_DURING_WRITE_MODE_PORT_B      ; NEW_DATA_NO_NBE_READ ; Untyped                            ;
; INIT_FILE                          ; UNUSED               ; Untyped                            ;
; INIT_FILE_LAYOUT                   ; PORT_A               ; Untyped                            ;
; MAXIMUM_DEPTH                      ; 0                    ; Untyped                            ;
; CLOCK_ENABLE_INPUT_A               ; NORMAL               ; Untyped                            ;
; CLOCK_ENABLE_INPUT_B               ; NORMAL               ; Untyped                            ;
; CLOCK_ENABLE_OUTPUT_A              ; NORMAL               ; Untyped                            ;
; CLOCK_ENABLE_OUTPUT_B              ; NORMAL               ; Untyped                            ;
; CLOCK_ENABLE_CORE_A                ; USE_INPUT_CLKEN      ; Untyped                            ;
; CLOCK_ENABLE_CORE_B                ; USE_INPUT_CLKEN      ; Untyped                            ;
; ENABLE_ECC                         ; FALSE                ; Untyped                            ;
; ECC_PIPELINE_STAGE_ENABLED         ; FALSE                ; Untyped                            ;
; WIDTH_ECCSTATUS                    ; 3                    ; Untyped                            ;
; DEVICE_FAMILY                      ; Cyclone V            ; Untyped                            ;
; CBXI_PARAMETER                     ; altsyncram_dfo1      ; Untyped                            ;
+------------------------------------+----------------------+------------------------------------+
Note: In order to hide this table in the UI and the text report file, please set the "Show Parameter Settings in Synthesis Report" option in "Analysis and Synthesis Settings -> More Settings" to "Off".


+---------------------------------------------------------------------------+
; Parameter Settings for Inferred Entity Instance: ALU:ALU1|lpm_divide:Div0 ;
+------------------------+----------------+---------------------------------+
; Parameter Name         ; Value          ; Type                            ;
+------------------------+----------------+---------------------------------+
; LPM_WIDTHN             ; 8              ; Untyped                         ;
; LPM_WIDTHD             ; 8              ; Untyped                         ;
; LPM_NREPRESENTATION    ; UNSIGNED       ; Untyped                         ;
; LPM_DREPRESENTATION    ; UNSIGNED       ; Untyped                         ;
; LPM_PIPELINE           ; 0              ; Untyped                         ;
; LPM_REMAINDERPOSITIVE  ; TRUE           ; Untyped                         ;
; MAXIMIZE_SPEED         ; 5              ; Untyped                         ;
; CBXI_PARAMETER         ; lpm_divide_9am ; Untyped                         ;
; CARRY_CHAIN            ; MANUAL         ; Untyped                         ;
; OPTIMIZE_FOR_SPEED     ; 5              ; Untyped                         ;
; AUTO_CARRY_CHAINS      ; ON             ; AUTO_CARRY                      ;
; IGNORE_CARRY_BUFFERS   ; OFF            ; IGNORE_CARRY                    ;
; AUTO_CASCADE_CHAINS    ; ON             ; AUTO_CASCADE                    ;
; IGNORE_CASCADE_BUFFERS ; OFF            ; IGNORE_CASCADE                  ;
+------------------------+----------------+---------------------------------+
Note: In order to hide this table in the UI and the text report file, please set the "Show Parameter Settings in Synthesis Report" option in "Analysis and Synthesis Settings -> More Settings" to "Off".


+---------------------------------------------------------------------------+
; Parameter Settings for Inferred Entity Instance: ALU:ALU1|lpm_divide:Mod0 ;
+------------------------+----------------+---------------------------------+
; Parameter Name         ; Value          ; Type                            ;
+------------------------+----------------+---------------------------------+
; LPM_WIDTHN             ; 8              ; Untyped                         ;
; LPM_WIDTHD             ; 8              ; Untyped                         ;
; LPM_NREPRESENTATION    ; UNSIGNED       ; Untyped                         ;
; LPM_DREPRESENTATION    ; UNSIGNED       ; Untyped                         ;
; LPM_PIPELINE           ; 0              ; Untyped                         ;
; LPM_REMAINDERPOSITIVE  ; TRUE           ; Untyped                         ;
; MAXIMIZE_SPEED         ; 5              ; Untyped                         ;
; CBXI_PARAMETER         ; lpm_divide_c2m ; Untyped                         ;
; CARRY_CHAIN            ; MANUAL         ; Untyped                         ;
; OPTIMIZE_FOR_SPEED     ; 5              ; Untyped                         ;
; AUTO_CARRY_CHAINS      ; ON             ; AUTO_CARRY                      ;
; IGNORE_CARRY_BUFFERS   ; OFF            ; IGNORE_CARRY                    ;
; AUTO_CASCADE_CHAINS    ; ON             ; AUTO_CASCADE                    ;
; IGNORE_CASCADE_BUFFERS ; OFF            ; IGNORE_CASCADE                  ;
+------------------------+----------------+---------------------------------+
Note: In order to hide this table in the UI and the text report file, please set the "Show Parameter Settings in Synthesis Report" option in "Analysis and Synthesis Settings -> More Settings" to "Off".


+-------------------------------------------------------------------------------------------+
; altsyncram Parameter Settings by Entity Instance                                          ;
+-------------------------------------------+-----------------------------------------------+
; Name                                      ; Value                                         ;
+-------------------------------------------+-----------------------------------------------+
; Number of entity instances                ; 1                                             ;
; Entity Instance                           ; reg_file:reg_file1|altsyncram:registers_rtl_0 ;
;     -- OPERATION_MODE                     ; DUAL_PORT                                     ;
;     -- WIDTH_A                            ; 8                                             ;
;     -- NUMWORDS_A                         ; 16                                            ;
;     -- OUTDATA_REG_A                      ; UNREGISTERED                                  ;
;     -- WIDTH_B                            ; 8                                             ;
;     -- NUMWORDS_B                         ; 16                                            ;
;     -- ADDRESS_REG_B                      ; CLOCK0                                        ;
;     -- OUTDATA_REG_B                      ; UNREGISTERED                                  ;
;     -- RAM_BLOCK_TYPE                     ; AUTO                                          ;
;     -- READ_DURING_WRITE_MODE_MIXED_PORTS ; OLD_DATA                                      ;
+-------------------------------------------+-----------------------------------------------+


+------------------------------------------------+
; Port Connectivity Checks: "data_mem:data_mem1" ;
+-------+-------+----------+---------------------+
; Port  ; Type  ; Severity ; Details             ;
+-------+-------+----------+---------------------+
; reset ; Input ; Info     ; Stuck at GND        ;
+-------+-------+----------+---------------------+


+--------------------------------------------------------------------------------------------------------------------------------------+
; Port Connectivity Checks: "reg_file:reg_file1"                                                                                       ;
+----------------------------+--------+----------+-------------------------------------------------------------------------------------+
; Port                       ; Type   ; Severity ; Details                                                                             ;
+----------------------------+--------+----------+-------------------------------------------------------------------------------------+
; raddrC[3]                  ; Input  ; Info     ; Stuck at GND                                                                        ;
; data_outBranchTarget[7..5] ; Output ; Info     ; Connected to dangling logic. Logic that only feeds a dangling port will be removed. ;
+----------------------------+--------+----------+-------------------------------------------------------------------------------------+


+-----------------------------------------------------+
; Post-Synthesis Netlist Statistics for Top Partition ;
+-----------------------+-----------------------------+
; Type                  ; Count                       ;
+-----------------------+-----------------------------+
; arriav_ff             ; 2206                        ;
;     ENA               ; 2178                        ;
;     ENA SCLR          ; 10                          ;
;     plain             ; 18                          ;
; arriav_lcell_comb     ; 1597                        ;
;     arith             ; 110                         ;
;         0 data inputs ; 24                          ;
;         1 data inputs ; 12                          ;
;         5 data inputs ; 74                          ;
;     extend            ; 10                          ;
;         7 data inputs ; 10                          ;
;     normal            ; 1467                        ;
;         2 data inputs ; 25                          ;
;         3 data inputs ; 49                          ;
;         4 data inputs ; 354                         ;
;         5 data inputs ; 102                         ;
;         6 data inputs ; 937                         ;
;     shared            ; 10                          ;
;         0 data inputs ; 4                           ;
;         2 data inputs ; 4                           ;
;         4 data inputs ; 2                           ;
; arriav_mac            ; 1                           ;
; boundary_port         ; 3                           ;
; stratixv_ram_block    ; 8                           ;
;                       ;                             ;
; Max LUT depth         ; 27.40                       ;
; Average LUT depth     ; 10.46                       ;
+-----------------------+-----------------------------+


+-------------------------------+
; Elapsed Time Per Partition    ;
+----------------+--------------+
; Partition Name ; Elapsed Time ;
+----------------+--------------+
; Top            ; 00:00:10     ;
+----------------+--------------+


+-------------------------------+
; Analysis & Synthesis Messages ;
+-------------------------------+
Info: *******************************************************************
Info: Running Quartus Prime Analysis & Synthesis
    Info: Version 18.1.0 Build 625 09/12/2018 SJ Lite Edition
    Info: Processing started: Thu Dec 05 19:36:34 2019
Info: Command: quartus_map --read_settings_files=on --write_settings_files=off TopLevel -c TopLevel
Warning (18236): Number of processors has not been specified which may cause overloading on shared machines.  Set the global assignment NUM_PARALLEL_PROCESSORS in your QSF to an appropriate value for best performance.
Info (20030): Parallel compilation is enabled and will use 4 of the 4 processors detected
Info (12021): Found 1 design units, including 1 entities, in source file prog123_tb.sv
    Info (12023): Found entity 1: prog123_tb File: C:/Users/orrne/Desktop/proc_1/prog123_tb.sv Line: 3
Info (12021): Found 1 design units, including 1 entities, in source file toplevel.sv
    Info (12023): Found entity 1: TopLevel File: C:/Users/orrne/Desktop/proc_1/TopLevel.sv Line: 6
Info (12021): Found 1 design units, including 1 entities, in source file toplevel_tb.sv
    Info (12023): Found entity 1: TopLevel_tb File: C:/Users/orrne/Desktop/proc_1/TopLevel_tb.sv Line: 8
Info (12021): Found 1 design units, including 1 entities, in source file alu.sv
    Info (12023): Found entity 1: ALU File: C:/Users/orrne/Desktop/proc_1/ALU.sv Line: 9
Info (12021): Found 1 design units, including 1 entities, in source file ctrl.sv
    Info (12023): Found entity 1: Ctrl File: C:/Users/orrne/Desktop/proc_1/Ctrl.sv Line: 6
Info (12021): Found 1 design units, including 1 entities, in source file data_mem.sv
    Info (12023): Found entity 1: data_mem File: C:/Users/orrne/Desktop/proc_1/data_mem.sv Line: 6
Info (12021): Found 1 design units, including 1 entities, in source file instrom.sv
    Info (12023): Found entity 1: InstROM File: C:/Users/orrne/Desktop/proc_1/InstROM.sv Line: 11
Info (12021): Found 1 design units, including 0 entities, in source file definitions.sv
    Info (12022): Found design unit 1: definitions (SystemVerilog) File: C:/Users/orrne/Desktop/proc_1/definitions.sv Line: 3
Info (12021): Found 1 design units, including 1 entities, in source file lut.sv
    Info (12023): Found entity 1: LUT File: C:/Users/orrne/Desktop/proc_1/LUT.sv Line: 4
Info (12021): Found 1 design units, including 1 entities, in source file pc.sv
    Info (12023): Found entity 1: PC File: C:/Users/orrne/Desktop/proc_1/PC.sv Line: 6
Info (12021): Found 1 design units, including 1 entities, in source file reg_file.sv
    Info (12023): Found entity 1: reg_file File: C:/Users/orrne/Desktop/proc_1/reg_file.sv Line: 7
Info (12127): Elaborating entity "TopLevel" for the top level hierarchy
Warning (10230): Verilog HDL assignment warning at TopLevel.sv(61): truncated value with size 32 to match size of target (1) File: C:/Users/orrne/Desktop/proc_1/TopLevel.sv Line: 61
Info (12128): Elaborating entity "LUT" for hierarchy "LUT:LUT1" File: C:/Users/orrne/Desktop/proc_1/TopLevel.sv Line: 36
Warning (10036): Verilog HDL or VHDL warning at LUT.sv(9): object "lines_in_p1p2" assigned a value but never read File: C:/Users/orrne/Desktop/proc_1/LUT.sv Line: 9
Warning (10230): Verilog HDL assignment warning at LUT.sv(14): truncated value with size 32 to match size of target (12) File: C:/Users/orrne/Desktop/proc_1/LUT.sv Line: 14
Warning (10230): Verilog HDL assignment warning at LUT.sv(15): truncated value with size 32 to match size of target (12) File: C:/Users/orrne/Desktop/proc_1/LUT.sv Line: 15
Warning (10230): Verilog HDL assignment warning at LUT.sv(16): truncated value with size 32 to match size of target (12) File: C:/Users/orrne/Desktop/proc_1/LUT.sv Line: 16
Warning (10230): Verilog HDL assignment warning at LUT.sv(17): truncated value with size 32 to match size of target (12) File: C:/Users/orrne/Desktop/proc_1/LUT.sv Line: 17
Warning (10230): Verilog HDL assignment warning at LUT.sv(18): truncated value with size 32 to match size of target (12) File: C:/Users/orrne/Desktop/proc_1/LUT.sv Line: 18
Warning (10230): Verilog HDL assignment warning at LUT.sv(19): truncated value with size 32 to match size of target (12) File: C:/Users/orrne/Desktop/proc_1/LUT.sv Line: 19
Info (12128): Elaborating entity "PC" for hierarchy "PC:PC1" File: C:/Users/orrne/Desktop/proc_1/TopLevel.sv Line: 45
Warning (10230): Verilog HDL assignment warning at PC.sv(25): truncated value with size 32 to match size of target (12) File: C:/Users/orrne/Desktop/proc_1/PC.sv Line: 25
Warning (10230): Verilog HDL assignment warning at PC.sv(32): truncated value with size 32 to match size of target (12) File: C:/Users/orrne/Desktop/proc_1/PC.sv Line: 32
Info (12128): Elaborating entity "Ctrl" for hierarchy "Ctrl:Ctrl1" File: C:/Users/orrne/Desktop/proc_1/TopLevel.sv Line: 52
Info (12128): Elaborating entity "InstROM" for hierarchy "InstROM:instr_ROM1" File: C:/Users/orrne/Desktop/proc_1/TopLevel.sv Line: 57
Warning (10850): Verilog HDL warning at InstROM.sv(42): number of words (622) in memory file does not match the number of elements in the address range [0:4095] File: C:/Users/orrne/Desktop/proc_1/InstROM.sv Line: 42
Warning (10030): Net "inst_rom.data_a" at InstROM.sv(38) has no driver or initial value, using a default initial value '0' File: C:/Users/orrne/Desktop/proc_1/InstROM.sv Line: 38
Warning (10030): Net "inst_rom.waddr_a" at InstROM.sv(38) has no driver or initial value, using a default initial value '0' File: C:/Users/orrne/Desktop/proc_1/InstROM.sv Line: 38
Warning (10030): Net "inst_rom.we_a" at InstROM.sv(38) has no driver or initial value, using a default initial value '0' File: C:/Users/orrne/Desktop/proc_1/InstROM.sv Line: 38
Info (12128): Elaborating entity "reg_file" for hierarchy "reg_file:reg_file1" File: C:/Users/orrne/Desktop/proc_1/TopLevel.sv Line: 94
Info (12128): Elaborating entity "ALU" for hierarchy "ALU:ALU1" File: C:/Users/orrne/Desktop/proc_1/TopLevel.sv Line: 112
Warning (10036): Verilog HDL or VHDL warning at ALU.sv(19): object "op_mnemonic" assigned a value but never read File: C:/Users/orrne/Desktop/proc_1/ALU.sv Line: 19
Info (12128): Elaborating entity "data_mem" for hierarchy "data_mem:data_mem1" File: C:/Users/orrne/Desktop/proc_1/TopLevel.sv Line: 124
Warning (10230): Verilog HDL assignment warning at data_mem.sv(25): truncated value with size 32 to match size of target (8) File: C:/Users/orrne/Desktop/proc_1/data_mem.sv Line: 25
Warning (276020): Inferred RAM node "reg_file:reg_file1|registers_rtl_0" from synchronous design logic.  Pass-through logic has been added to match the read-during-write behavior of the original design.
Warning (127007): Memory Initialization File or Hexadecimal (Intel-Format) File "C:/Users/orrne/Desktop/proc_1/db/TopLevel.ram0_InstROM_b8485114.hdl.mif" contains "don't care" values -- overwriting them with 0s
Warning (13046): Tri-state node(s) do not directly drive top-level pin(s)
    Warning (13049): Converted tri-state buffer "data_mem:data_mem1|DataOut[0]" feeding internal logic into a wire File: C:/Users/orrne/Desktop/proc_1/data_mem.sv Line: 13
    Warning (13049): Converted tri-state buffer "data_mem:data_mem1|DataOut[1]" feeding internal logic into a wire File: C:/Users/orrne/Desktop/proc_1/data_mem.sv Line: 13
    Warning (13049): Converted tri-state buffer "data_mem:data_mem1|DataOut[2]" feeding internal logic into a wire File: C:/Users/orrne/Desktop/proc_1/data_mem.sv Line: 13
    Warning (13049): Converted tri-state buffer "data_mem:data_mem1|DataOut[3]" feeding internal logic into a wire File: C:/Users/orrne/Desktop/proc_1/data_mem.sv Line: 13
    Warning (13049): Converted tri-state buffer "data_mem:data_mem1|DataOut[4]" feeding internal logic into a wire File: C:/Users/orrne/Desktop/proc_1/data_mem.sv Line: 13
    Warning (13049): Converted tri-state buffer "data_mem:data_mem1|DataOut[5]" feeding internal logic into a wire File: C:/Users/orrne/Desktop/proc_1/data_mem.sv Line: 13
    Warning (13049): Converted tri-state buffer "data_mem:data_mem1|DataOut[6]" feeding internal logic into a wire File: C:/Users/orrne/Desktop/proc_1/data_mem.sv Line: 13
    Warning (13049): Converted tri-state buffer "data_mem:data_mem1|DataOut[7]" feeding internal logic into a wire File: C:/Users/orrne/Desktop/proc_1/data_mem.sv Line: 13
Info (19000): Inferred 1 megafunctions from design logic
    Info (276029): Inferred altsyncram megafunction from the following design logic: "reg_file:reg_file1|registers_rtl_0" 
        Info (286033): Parameter OPERATION_MODE set to DUAL_PORT
        Info (286033): Parameter WIDTH_A set to 8
        Info (286033): Parameter WIDTHAD_A set to 4
        Info (286033): Parameter NUMWORDS_A set to 16
        Info (286033): Parameter WIDTH_B set to 8
        Info (286033): Parameter WIDTHAD_B set to 4
        Info (286033): Parameter NUMWORDS_B set to 16
        Info (286033): Parameter ADDRESS_ACLR_A set to NONE
        Info (286033): Parameter OUTDATA_REG_B set to UNREGISTERED
        Info (286033): Parameter ADDRESS_ACLR_B set to NONE
        Info (286033): Parameter OUTDATA_ACLR_B set to NONE
        Info (286033): Parameter ADDRESS_REG_B set to CLOCK0
        Info (286033): Parameter INDATA_ACLR_A set to NONE
        Info (286033): Parameter WRCONTROL_ACLR_A set to NONE
        Info (286033): Parameter READ_DURING_WRITE_MODE_MIXED_PORTS set to OLD_DATA
Info (278001): Inferred 2 megafunctions from design logic
    Info (278004): Inferred divider/modulo megafunction ("lpm_divide") from the following logic: "ALU:ALU1|Div0" File: C:/Users/orrne/Desktop/proc_1/ALU.sv Line: 51
    Info (278004): Inferred divider/modulo megafunction ("lpm_divide") from the following logic: "ALU:ALU1|Mod0" File: C:/Users/orrne/Desktop/proc_1/ALU.sv Line: 52
Info (12130): Elaborated megafunction instantiation "reg_file:reg_file1|altsyncram:registers_rtl_0"
Info (12133): Instantiated megafunction "reg_file:reg_file1|altsyncram:registers_rtl_0" with the following parameter:
    Info (12134): Parameter "OPERATION_MODE" = "DUAL_PORT"
    Info (12134): Parameter "WIDTH_A" = "8"
    Info (12134): Parameter "WIDTHAD_A" = "4"
    Info (12134): Parameter "NUMWORDS_A" = "16"
    Info (12134): Parameter "WIDTH_B" = "8"
    Info (12134): Parameter "WIDTHAD_B" = "4"
    Info (12134): Parameter "NUMWORDS_B" = "16"
    Info (12134): Parameter "ADDRESS_ACLR_A" = "NONE"
    Info (12134): Parameter "OUTDATA_REG_B" = "UNREGISTERED"
    Info (12134): Parameter "ADDRESS_ACLR_B" = "NONE"
    Info (12134): Parameter "OUTDATA_ACLR_B" = "NONE"
    Info (12134): Parameter "ADDRESS_REG_B" = "CLOCK0"
    Info (12134): Parameter "INDATA_ACLR_A" = "NONE"
    Info (12134): Parameter "WRCONTROL_ACLR_A" = "NONE"
    Info (12134): Parameter "READ_DURING_WRITE_MODE_MIXED_PORTS" = "OLD_DATA"
Info (12021): Found 1 design units, including 1 entities, in source file db/altsyncram_dfo1.tdf
    Info (12023): Found entity 1: altsyncram_dfo1 File: C:/Users/orrne/Desktop/proc_1/db/altsyncram_dfo1.tdf Line: 27
Info (12130): Elaborated megafunction instantiation "ALU:ALU1|lpm_divide:Div0" File: C:/Users/orrne/Desktop/proc_1/ALU.sv Line: 51
Info (12133): Instantiated megafunction "ALU:ALU1|lpm_divide:Div0" with the following parameter: File: C:/Users/orrne/Desktop/proc_1/ALU.sv Line: 51
    Info (12134): Parameter "LPM_WIDTHN" = "8"
    Info (12134): Parameter "LPM_WIDTHD" = "8"
    Info (12134): Parameter "LPM_NREPRESENTATION" = "UNSIGNED"
    Info (12134): Parameter "LPM_DREPRESENTATION" = "UNSIGNED"
Info (12021): Found 1 design units, including 1 entities, in source file db/lpm_divide_9am.tdf
    Info (12023): Found entity 1: lpm_divide_9am File: C:/Users/orrne/Desktop/proc_1/db/lpm_divide_9am.tdf Line: 24
Info (12021): Found 1 design units, including 1 entities, in source file db/sign_div_unsign_fkh.tdf
    Info (12023): Found entity 1: sign_div_unsign_fkh File: C:/Users/orrne/Desktop/proc_1/db/sign_div_unsign_fkh.tdf Line: 24
Info (12021): Found 1 design units, including 1 entities, in source file db/alt_u_div_4te.tdf
    Info (12023): Found entity 1: alt_u_div_4te File: C:/Users/orrne/Desktop/proc_1/db/alt_u_div_4te.tdf Line: 22
Info (12130): Elaborated megafunction instantiation "ALU:ALU1|lpm_divide:Mod0" File: C:/Users/orrne/Desktop/proc_1/ALU.sv Line: 52
Info (12133): Instantiated megafunction "ALU:ALU1|lpm_divide:Mod0" with the following parameter: File: C:/Users/orrne/Desktop/proc_1/ALU.sv Line: 52
    Info (12134): Parameter "LPM_WIDTHN" = "8"
    Info (12134): Parameter "LPM_WIDTHD" = "8"
    Info (12134): Parameter "LPM_NREPRESENTATION" = "UNSIGNED"
    Info (12134): Parameter "LPM_DREPRESENTATION" = "UNSIGNED"
Info (12021): Found 1 design units, including 1 entities, in source file db/lpm_divide_c2m.tdf
    Info (12023): Found entity 1: lpm_divide_c2m File: C:/Users/orrne/Desktop/proc_1/db/lpm_divide_c2m.tdf Line: 24
Info (286030): Timing-Driven Synthesis is running
Info (144001): Generated suppressed messages file C:/Users/orrne/Desktop/proc_1/output_files/TopLevel.map.smsg
Info (16010): Generating hard_block partition "hard_block:auto_generated_inst"
    Info (16011): Adding 0 node(s), including 0 DDIO, 0 PLL, 0 transceiver and 0 LCELL
Info (21057): Implemented 3798 device resources after synthesis - the final resource count might be different
    Info (21058): Implemented 2 input pins
    Info (21059): Implemented 1 output pins
    Info (21061): Implemented 3786 logic cells
    Info (21064): Implemented 8 RAM segments
    Info (21062): Implemented 1 DSP elements
Info: Quartus Prime Analysis & Synthesis was successful. 0 errors, 28 warnings
    Info: Peak virtual memory: 4879 megabytes
    Info: Processing ended: Thu Dec 05 19:36:56 2019
    Info: Elapsed time: 00:00:22
    Info: Total CPU time (on all processors): 00:00:35


+------------------------------------------+
; Analysis & Synthesis Suppressed Messages ;
+------------------------------------------+
The suppressed messages can be found in C:/Users/orrne/Desktop/proc_1/output_files/TopLevel.map.smsg.


